<?xml version="1.0" encoding="UTF-8"?>
<!-- Generated by org.testng.reporters.JUnitReportReporter -->
<testsuite hostname="Dragoss-Air" failures="0" tests="1" name="curs21.IsEnabledExample" time="0.321" errors="0" timestamp="2024-05-14T17:06:28 EEST" skipped="0">
  <testcase classname="curs21.IsEnabledExample" name="isEnabledTest" time="0.321"/>
  <system-out/>
</testsuite> <!-- curs21.IsEnabledExample -->
