<?xml version="1.0" encoding="UTF-8"?>
<!-- Generated by org.testng.reporters.JUnitReportReporter -->
<testsuite hostname="Dragoss-Air" failures="0" tests="8" name="curs19.SeleniumLocators" time="4.878" errors="0" timestamp="2024-05-10T16:37:44 EEST" skipped="0">
  <testcase classname="curs19.SeleniumLocators" name="tagNameLocator" time="0.053"/>
  <system-out/>
  <testcase classname="curs19.SeleniumLocators" name="linkTextLocator" time="0.498"/>
  <system-out/>
  <testcase classname="curs19.SeleniumLocators" name="partialLinkTextLocator" time="0.607"/>
  <system-out/>
  <testcase classname="curs19.SeleniumLocators" name="classNameLocator" time="0.087"/>
  <system-out/>
  <testcase classname="curs19.SeleniumLocators" name="idLocator" time="0.375"/>
  <system-out/>
  <testcase classname="curs19.SeleniumLocators" name="nameLocator" time="3.173"/>
  <system-out/>
  <testcase classname="curs19.SeleniumLocators" name="cssSelectorLocator" time="0.038"/>
  <system-out/>
  <testcase classname="curs19.SeleniumLocators" name="xpathLocator" time="0.047"/>
  <system-out/>
</testsuite> <!-- curs19.SeleniumLocators -->
